app/build/outputs/logs/manifest-merger-debug-report.txt
-- Merging decision tree log ---
manifest
ADDED from src/main/AndroidManifest.xml:2:1-153:12
INJECTED from src/main/AndroidManifest.xml:2:1-153:12
INJECTED from src/main/AndroidManifest.xml:2:1-153:12
INJECTED from src/main/AndroidManifest.xml:2:1-153:12
MERGED from [:SensorServices] AndroidManifest.xml:2:1-24:12
MERGED from [:CountDownDialog] AndroidManifest.xml:2:1-12:12
MERGED from [:wearoslib] AndroidManifest.xml:2:1-17:12
MERGED from [com.afollestad.material-dialogs:core:3.3.0] AndroidManifest.xml:2:1-13:12
MERGED from [com.google.dagger:hilt-android:2.41] AndroidManifest.xml:16:1-19:12
MERGED from [:flipper] AndroidManifest.xml:2:1-9:12
MERGED from [androidx.navigation:navigation-ui-ktx:2.5.0] AndroidManifest.xml:17:1-24:12
MERGED from [androidx.navigation:navigation-ui:2.5.0] AndroidManifest.xml:17:1-24:12
MERGED from [com.google.android.material:material:1.6.1] AndroidManifest.xml:17:1-26:12
MERGED from [com.github.AppIntro:AppIntro:6.1.0] AndroidManifest.xml:2:1-13:12
MERGED from [androidx.constraintlayout:constraintlayout:2.1.4] AndroidManifest.xml:2:1-11:12
MERGED from [io.github.ShawnLin013:number-picker:2.4.13] AndroidManifest.xml:2:1-9:12
MERGED from [io.github.medyo:android-about-page:2.0.0] AndroidManifest.xml:2:1-11:12
MERGED from [de.psdev.licensesdialog:licensesdialog:2.2.0] AndroidManifest.xml:17:1-26:12
MERGED from [com.github.GrenderG:Toasty:1.5.2] AndroidManifest.xml:2:1-11:12
MERGED from [androidx.preference:preference-ktx:1.2.0] AndroidManifest.xml:17:1-24:12
MERGED from [androidx.preference:preference:1.2.0] AndroidManifest.xml:17:1-24:12
MERGED from [androidx.appcompat:appcompat:1.4.2] AndroidManifest.xml:17:1-24:12
MERGED from [androidx.lifecycle:lifecycle-extensions:2.2.0] AndroidManifest.xml:17:1-27:12
MERGED from [com.google.android.gms:play-services-maps:18.0.2] AndroidManifest.xml:17:1-44:12
MERGED from [com.google.android.gms:play-services-location:20.0.0] AndroidManifest.xml:2:1-9:12
MERGED from [com.google.android.gms:play-services-wearable:17.1.0] AndroidManifest.xml:17:1-24:12
MERGED from [com.google.android.gms:play-services-base:18.0.1] AndroidManifest.xml:16:1-24:12
MERGED from [com.google.android.gms:play-services-tasks:18.0.1] AndroidManifest.xml:2:1-6:12
MERGED from [com.google.android.gms:play-services-basement:18.1.0] AndroidManifest.xml:16:1-26:12
MERGED from [androidx.navigation:navigation-fragment-ktx:2.5.0] AndroidManifest.xml:17:1-24:12
MERGED from [androidx.navigation:navigation-fragment:2.5.0] AndroidManifest.xml:17:1-24:12
MERGED from [androidx.fragment:fragment-ktx:1.5.0] AndroidManifest.xml:17:1-24:12
MERGED from [androidx.viewpager2:viewpager2:1.0.0] AndroidManifest.xml:17:1-24:12
MERGED from [com.jjoe64:graphview:4.2.2] AndroidManifest.xml:2:1-14:12
MERGED from [androidx.legacy:legacy-support-v4:1.0.0] AndroidManifest.xml:17:1-22:12
MERGED from [androidx.fragment:fragment:1.5.0] AndroidManifest.xml:17:1-24:12
MERGED from [androidx.navigation:navigation-runtime-ktx:2.5.0] AndroidManifest.xml:17:1-24:12
MERGED from [androidx.navigation:navigation-runtime:2.5.0] AndroidManifest.xml:17:1-24:12
MERGED from [androidx.activity:activity-ktx:1.5.0] AndroidManifest.xml:17:1-24:12
MERGED from [androidx.navigation:navigation-common-ktx:2.5.0] AndroidManifest.xml:17:1-24:12
MERGED from [androidx.navigation:navigation-common:2.5.0] AndroidManifest.xml:17:1-24:12
MERGED from [androidx.lifecycle:lifecycle-viewmodel-ktx:2.5.0] AndroidManifest.xml:17:1-24:12
MERGED from [androidx.activity:activity:1.5.0] AndroidManifest.xml:17:1-24:12
MERGED from [androidx.dynamicanimation:dynamicanimation:1.0.0] AndroidManifest.xml:17:1-22:12
MERGED from [androidx.legacy:legacy-support-core-ui:1.0.0] AndroidManifest.xml:17:1-22:12
MERGED from [androidx.legacy:legacy-support-core-utils:1.0.0] AndroidManifest.xml:17:1-22:12
MERGED from [androidx.loader:loader:1.0.0] AndroidManifest.xml:17:1-22:12
MERGED from [androidx.lifecycle:lifecycle-viewmodel:2.5.0] AndroidManifest.xml:17:1-24:12
MERGED from [androidx.lifecycle:lifecycle-viewmodel-savedstate:2.5.0] AndroidManifest.xml:17:1-24:12
MERGED from [androidx.lifecycle:lifecycle-runtime-ktx:2.5.0] AndroidManifest.xml:17:1-24:12
MERGED from [androidx.lifecycle:lifecycle-livedata-ktx:2.5.0] AndroidManifest.xml:17:1-24:12
MERGED from [androidx.slidingpanelayout:slidingpanelayout:1.2.0] AndroidManifest.xml:17:1-24:12
MERGED from [androidx.window:window:1.0.0] AndroidManifest.xml:17:1-33:12
MERGED from [com.squareup.leakcanary:leakcanary-android:2.7] AndroidManifest.xml:17:1-28:12
MERGED from [androidx.multidex:multidex:2.0.1] AndroidManifest.xml:17:1-22:12
MERGED from [androidx.core:core-ktx:1.8.0] AndroidManifest.xml:2:1-9:12
MERGED from [com.jaredrummler:material-spinner:1.3.1] AndroidManifest.xml:2:1-9:12
MERGED from [com.squareup.leakcanary:leakcanary-android-core:2.7] AndroidManifest.xml:17:1-76:12
MERGED from [androidx.lifecycle:lifecycle-livedata-core-ktx:2.5.0] AndroidManifest.xml:17:1-24:12
MERGED from [androidx.savedstate:savedstate-ktx:1.2.0] AndroidManifest.xml:17:1-24:12
MERGED from [androidx.savedstate:savedstate:1.2.0] AndroidManifest.xml:17:1-24:12
MERGED from [com.squareup.leakcanary:leakcanary-object-watcher-android-androidx:2.7] AndroidManifest.xml:2:1-7:12
MERGED from [com.squareup.leakcanary:leakcanary-object-watcher-android-support-fragments:2.7] AndroidManifest.xml:2:1-7:12
MERGED from [com.squareup.leakcanary:leakcanary-object-watcher-android:2.7] AndroidManifest.xml:2:1-15:12
MERGED from [com.squareup.leakcanary:plumber-android:2.7] AndroidManifest.xml:2:1-15:12
MERGED from [com.squareup.leakcanary:leakcanary-android-utils:2.7] AndroidManifest.xml:2:1-7:12
MERGED from [com.squareup.curtains:curtains:1.0.1] AndroidManifest.xml:2:1-9:12
MERGED from [androidx.appcompat:appcompat-resources:1.4.2] AndroidManifest.xml:17:1-24:12
MERGED from [androidx.emoji2:emoji2-views-helper:1.0.0] AndroidManifest.xml:17:1-24:12
MERGED from [androidx.emoji2:emoji2:1.0.0] AndroidManifest.xml:17:1-37:12
MERGED from [androidx.drawerlayout:drawerlayout:1.1.1] AndroidManifest.xml:17:1-24:12
MERGED from [androidx.coordinatorlayout:coordinatorlayout:1.1.0] AndroidManifest.xml:17:1-24:12
MERGED from [androidx.vectordrawable:vectordrawable-animated:1.1.0] AndroidManifest.xml:17:1-24:12
MERGED from [androidx.vectordrawable:vectordrawable:1.1.0] AndroidManifest.xml:17:1-24:12
MERGED from [androidx.recyclerview:recyclerview:1.1.0] AndroidManifest.xml:17:1-24:12
MERGED from [androidx.webkit:webkit:1.4.0] AndroidManifest.xml:17:1-24:12
MERGED from [androidx.viewpager:viewpager:1.0.0] AndroidManifest.xml:17:1-22:12
MERGED from [androidx.customview:customview:1.1.0] AndroidManifest.xml:17:1-24:12
MERGED from [androidx.media:media:1.0.0] AndroidManifest.xml:17:1-22:12
MERGED from [androidx.transition:transition:1.4.1] AndroidManifest.xml:17:1-24:12
MERGED from [androidx.swiperefreshlayout:swiperefreshlayout:1.0.0] AndroidManifest.xml:17:1-22:12
MERGED from [androidx.asynclayoutinflater:asynclayoutinflater:1.0.0] AndroidManifest.xml:17:1-22:12
MERGED from [androidx.core:core:1.8.0] AndroidManifest.xml:17:1-26:12
MERGED from [androidx.cursoradapter:cursoradapter:1.0.0] AndroidManifest.xml:17:1-22:12
MERGED from [androidx.cardview:cardview:1.0.0] AndroidManifest.xml:17:1-22:12
MERGED from [androidx.lifecycle:lifecycle-livedata:2.5.0] AndroidManifest.xml:17:1-24:12
MERGED from [androidx.lifecycle:lifecycle-livedata-core:2.5.0] AndroidManifest.xml:17:1-24:12
MERGED from [androidx.lifecycle:lifecycle-service:2.2.0] AndroidManifest.xml:17:1-24:12
MERGED from [androidx.lifecycle:lifecycle-process:2.4.0] AndroidManifest.xml:17:1-37:12
MERGED from [androidx.lifecycle:lifecycle-runtime:2.5.0] AndroidManifest.xml:17:1-24:12
MERGED from [androidx.arch.core:core-runtime:2.1.0] AndroidManifest.xml:17:1-24:12
MERGED from [androidx.versionedparcelable:versionedparcelable:1.1.1] AndroidManifest.xml:17:1-27:12
MERGED from [androidx.startup:startup-runtime:1.0.0] AndroidManifest.xml:17:1-33:12
MERGED from [androidx.interpolator:interpolator:1.0.0] AndroidManifest.xml:17:1-22:12
MERGED from [androidx.tracing:tracing:1.0.0] AndroidManifest.xml:17:1-24:12
MERGED from [androidx.documentfile:documentfile:1.0.0] AndroidManifest.xml:17:1-22:12
MERGED from [androidx.localbroadcastmanager:localbroadcastmanager:1.0.0] AndroidManifest.xml:17:1-22:12
MERGED from [androidx.print:print:1.0.0] AndroidManifest.xml:17:1-22:12
MERGED from [androidx.annotation:annotation-experimental:1.1.0] AndroidManifest.xml:17:1-24:12
MERGED from [com.google.dagger:dagger-lint-aar:2.41] AndroidManifest.xml:16:1-19:12
INJECTED from src/main/AndroidManifest.xml:2:1-153:12
INJECTED from src/main/AndroidManifest.xml:2:1-153:12
INJECTED from src/main/AndroidManifest.xml:2:1-153:12
	package
		ADDED from src/main/AndroidManifest.xml:4:5-39
		INJECTED from src/main/AndroidManifest.xml
		INJECTED from src/main/AndroidManifest.xml
	android:versionName
		INJECTED from src/main/AndroidManifest.xml
		ADDED from src/main/AndroidManifest.xml:2:1-153:12
		INJECTED from src/main/AndroidManifest.xml
	xmlns:tools
		ADDED from src/main/AndroidManifest.xml:3:5-51
	android:versionCode
		INJECTED from src/main/AndroidManifest.xml
		ADDED from src/main/AndroidManifest.xml:2:1-153:12
		INJECTED from src/main/AndroidManifest.xml
	xmlns:android
		ADDED from src/main/AndroidManifest.xml:2:11-69
uses-permission#android.permission.WAKE_LOCK
ADDED from src/main/AndroidManifest.xml:6:5-68
	android:name
		ADDED from src/main/AndroidManifest.xml:6:22-65
uses-permission#android.permission.ACCESS_COARSE_LOCATION
ADDED from src/main/AndroidManifest.xml:7:5-81
	android:name
		ADDED from src/main/AndroidManifest.xml:7:22-78
uses-permission#android.permission.ACCESS_FINE_LOCATION
ADDED from src/main/AndroidManifest.xml:8:5-79
	android:name
		ADDED from src/main/AndroidManifest.xml:8:22-76
uses-permission#android.permission.INTERNET
ADDED from src/main/AndroidManifest.xml:9:5-67
MERGED from [com.google.android.gms:play-services-maps:18.0.2] AndroidManifest.xml:24:5-67
MERGED from [com.google.android.gms:play-services-maps:18.0.2] AndroidManifest.xml:24:5-67
	android:name
		ADDED from src/main/AndroidManifest.xml:9:22-64
uses-permission#android.permission.ACCESS_WIFI_STATE
ADDED from src/main/AndroidManifest.xml:10:5-76
	android:name
		ADDED from src/main/AndroidManifest.xml:10:22-73
uses-permission#android.permission.ACCESS_NETWORK_STATE
ADDED from src/main/AndroidManifest.xml:11:5-79
MERGED from [com.google.android.gms:play-services-maps:18.0.2] AndroidManifest.xml:23:5-79
MERGED from [com.google.android.gms:play-services-maps:18.0.2] AndroidManifest.xml:23:5-79
	android:name
		ADDED from src/main/AndroidManifest.xml:11:22-76
uses-permission#android.permission.READ_EXTERNAL_STORAGE
ADDED from src/main/AndroidManifest.xml:12:5-80
MERGED from [com.squareup.leakcanary:leakcanary-android-core:2.7] AndroidManifest.xml:23:5-80
MERGED from [com.squareup.leakcanary:leakcanary-android-core:2.7] AndroidManifest.xml:23:5-80
	android:name
		ADDED from src/main/AndroidManifest.xml:12:22-77
uses-permission#android.permission.READ_INTERNAL_STORAGE
ADDED from src/main/AndroidManifest.xml:13:5-80
	android:name
		ADDED from src/main/AndroidManifest.xml:13:22-77
uses-permission#android.permission.WRITE_EXTERNAL_STORAGE
ADDED from src/main/AndroidManifest.xml:14:5-80
MERGED from [com.squareup.leakcanary:leakcanary-android-core:2.7] AndroidManifest.xml:24:5-81
MERGED from [com.squareup.leakcanary:leakcanary-android-core:2.7] AndroidManifest.xml:24:5-81
	android:name
		ADDED from src/main/AndroidManifest.xml:14:22-78
uses-permission#android.permission.WRITE_INTERNAL_STORAGE
ADDED from src/main/AndroidManifest.xml:15:5-81
	android:name
		ADDED from src/main/AndroidManifest.xml:15:22-78
uses-permission#android.permission.VIBRATE
ADDED from src/main/AndroidManifest.xml:16:5-66
	android:name
		ADDED from src/main/AndroidManifest.xml:16:22-63
uses-permission#android.permission.FOREGROUND_SERVICE
ADDED from src/main/AndroidManifest.xml:17:5-77
MERGED from [com.squareup.leakcanary:leakcanary-android-core:2.7] AndroidManifest.xml:26:5-77
MERGED from [com.squareup.leakcanary:leakcanary-android-core:2.7] AndroidManifest.xml:26:5-77
	android:name
		ADDED from src/main/AndroidManifest.xml:17:22-74
uses-permission#android.permission.ACTIVITY_RECOGNITION
ADDED from src/main/AndroidManifest.xml:18:5-79
	android:name
		ADDED from src/main/AndroidManifest.xml:18:22-76
uses-permission#android.permission.BODY_SENSORS
ADDED from src/main/AndroidManifest.xml:19:5-70
	android:name
		ADDED from src/main/AndroidManifest.xml:19:22-68
uses-permission#android.gms.permission.ACTIVITY_RECOGNITION
ADDED from src/main/AndroidManifest.xml:20:5-83
	android:name
		ADDED from src/main/AndroidManifest.xml:20:22-80
uses-permission#android.permission.REQUEST_IGNORE_BATTERY_OPTIMIZATIONS
ADDED from src/main/AndroidManifest.xml:21:5-95
	android:name
		ADDED from src/main/AndroidManifest.xml:21:22-92
uses-permission#android.permission.ACCESS_BACKGROUND_LOCATION
ADDED from src/main/AndroidManifest.xml:22:5-85
	android:name
		ADDED from src/main/AndroidManifest.xml:22:22-82
uses-feature#android.hardware.sensor.accelerometer
ADDED from src/main/AndroidManifest.xml:24:5-26:35
	android:required
		ADDED from src/main/AndroidManifest.xml:26:9-32
	android:name
		ADDED from src/main/AndroidManifest.xml:25:9-61
compatible-screens
ADDED from src/main/AndroidManifest.xml:28:5-101:26
screen#small+ldpi
ADDED from src/main/AndroidManifest.xml:29:9-31:42
	android:screenDensity
		ADDED from src/main/AndroidManifest.xml:30:13-41
	android:screenSize
		ADDED from src/main/AndroidManifest.xml:31:13-39
screen#small+mdpi
ADDED from src/main/AndroidManifest.xml:32:9-34:42
	android:screenDensity
		ADDED from src/main/AndroidManifest.xml:33:13-41
	android:screenSize
		ADDED from src/main/AndroidManifest.xml:34:13-39
screen#small+hdpi
ADDED from src/main/AndroidManifest.xml:35:9-37:42
	android:screenDensity
		ADDED from src/main/AndroidManifest.xml:36:13-41
	android:screenSize
		ADDED from src/main/AndroidManifest.xml:37:13-39
screen#small+xhdpi
ADDED from src/main/AndroidManifest.xml:38:9-40:42
	android:screenDensity
		ADDED from src/main/AndroidManifest.xml:39:13-42
	android:screenSize
		ADDED from src/main/AndroidManifest.xml:40:13-39
screen#small+420
ADDED from src/main/AndroidManifest.xml:41:9-43:42
	android:screenDensity
		ADDED from src/main/AndroidManifest.xml:42:13-40
	android:screenSize
		ADDED from src/main/AndroidManifest.xml:43:13-39
screen#small+480
ADDED from src/main/AndroidManifest.xml:44:9-46:42
	android:screenDensity
		ADDED from src/main/AndroidManifest.xml:45:13-40
	android:screenSize
		ADDED from src/main/AndroidManifest.xml:46:13-39
screen#small+560
ADDED from src/main/AndroidManifest.xml:47:9-49:42
	android:screenDensity
		ADDED from src/main/AndroidManifest.xml:48:13-40
	android:screenSize
		ADDED from src/main/AndroidManifest.xml:49:13-39
screen#small+640
ADDED from src/main/AndroidManifest.xml:50:9-52:42
	android:screenDensity
		ADDED from src/main/AndroidManifest.xml:51:13-40
	android:screenSize
		ADDED from src/main/AndroidManifest.xml:52:13-39
screen#normal+ldpi
ADDED from src/main/AndroidManifest.xml:53:9-55:43
	android:screenDensity
		ADDED from src/main/AndroidManifest.xml:54:13-41
	android:screenSize
		ADDED from src/main/AndroidManifest.xml:55:13-40
screen#normal+mdpi
ADDED from src/main/AndroidManifest.xml:56:9-58:43
	android:screenDensity
		ADDED from src/main/AndroidManifest.xml:57:13-41
	android:screenSize
		ADDED from src/main/AndroidManifest.xml:58:13-40
screen#normal+hdpi
ADDED from src/main/AndroidManifest.xml:59:9-61:43
	android:screenDensity
		ADDED from src/main/AndroidManifest.xml:60:13-41
	android:screenSize
		ADDED from src/main/AndroidManifest.xml:61:13-40
screen#normal+xhdpi
ADDED from src/main/AndroidManifest.xml:62:9-64:43
	android:screenDensity
		ADDED from src/main/AndroidManifest.xml:63:13-42
	android:screenSize
		ADDED from src/main/AndroidManifest.xml:64:13-40
screen#normal+420
ADDED from src/main/AndroidManifest.xml:65:9-67:43
	android:screenDensity
		ADDED from src/main/AndroidManifest.xml:66:13-40
	android:screenSize
		ADDED from src/main/AndroidManifest.xml:67:13-40
screen#normal+480
ADDED from src/main/AndroidManifest.xml:68:9-70:43
	android:screenDensity
		ADDED from src/main/AndroidManifest.xml:69:13-40
	android:screenSize
		ADDED from src/main/AndroidManifest.xml:70:13-40
screen#normal+560
ADDED from src/main/AndroidManifest.xml:71:9-73:43
	android:screenDensity
		ADDED from src/main/AndroidManifest.xml:72:13-40
	android:screenSize
		ADDED from src/main/AndroidManifest.xml:73:13-40
screen#normal+640
ADDED from src/main/AndroidManifest.xml:74:9-76:43
	android:screenDensity
		ADDED from src/main/AndroidManifest.xml:75:13-40
	android:screenSize
		ADDED from src/main/AndroidManifest.xml:76:13-40
screen#large+ldpi
ADDED from src/main/AndroidManifest.xml:77:9-79:42
	android:screenDensity
		ADDED from src/main/AndroidManifest.xml:78:13-41
	android:screenSize
		ADDED from src/main/AndroidManifest.xml:79:13-39
screen#large+mdpi
ADDED from src/main/AndroidManifest.xml:80:9-82:42
	android:screenDensity
		ADDED from src/main/AndroidManifest.xml:81:13-41
	android:screenSize
		ADDED from src/main/AndroidManifest.xml:82:13-39
screen#large+hdpi
ADDED from src/main/AndroidManifest.xml:83:9-85:42
	android:screenDensity
		ADDED from src/main/AndroidManifest.xml:84:13-41
	android:screenSize
		ADDED from src/main/AndroidManifest.xml:85:13-39
screen#large+xhdpi
ADDED from src/main/AndroidManifest.xml:86:9-88:42
	android:screenDensity
		ADDED from src/main/AndroidManifest.xml:87:13-42
	android:screenSize
		ADDED from src/main/AndroidManifest.xml:88:13-39
screen#large+420
ADDED from src/main/AndroidManifest.xml:89:9-91:42
	android:screenDensity
		ADDED from src/main/AndroidManifest.xml:90:13-40
	android:screenSize
		ADDED from src/main/AndroidManifest.xml:91:13-39
screen#large+480
ADDED from src/main/AndroidManifest.xml:92:9-94:42
	android:screenDensity
		ADDED from src/main/AndroidManifest.xml:93:13-40
	android:screenSize
		ADDED from src/main/AndroidManifest.xml:94:13-39
screen#large+560
ADDED from src/main/AndroidManifest.xml:95:9-97:42
	android:screenDensity
		ADDED from src/main/AndroidManifest.xml:96:13-40
	android:screenSize
		ADDED from src/main/AndroidManifest.xml:97:13-39
screen#large+640
ADDED from src/main/AndroidManifest.xml:98:9-100:42
	android:screenDensity
		ADDED from src/main/AndroidManifest.xml:99:13-40
	android:screenSize
		ADDED from src/main/AndroidManifest.xml:100:13-39
application
ADDED from src/main/AndroidManifest.xml:103:5-151:19
MERGED from [:SensorServices] AndroidManifest.xml:16:5-22:19
MERGED from [:SensorServices] AndroidManifest.xml:16:5-22:19
MERGED from [:CountDownDialog] AndroidManifest.xml:9:5-10:19
MERGED from [:CountDownDialog] AndroidManifest.xml:9:5-10:19
MERGED from [:wearoslib] AndroidManifest.xml:9:5-15:19
MERGED from [:wearoslib] AndroidManifest.xml:9:5-15:19
MERGED from [com.afollestad.material-dialogs:core:3.3.0] AndroidManifest.xml:11:5-47
MERGED from [com.afollestad.material-dialogs:core:3.3.0] AndroidManifest.xml:11:5-47
MERGED from [com.google.android.material:material:1.6.1] AndroidManifest.xml:24:5-20
MERGED from [com.google.android.material:material:1.6.1] AndroidManifest.xml:24:5-20
MERGED from [com.github.AppIntro:AppIntro:6.1.0] AndroidManifest.xml:11:5-20
MERGED from [com.github.AppIntro:AppIntro:6.1.0] AndroidManifest.xml:11:5-20
MERGED from [androidx.constraintlayout:constraintlayout:2.1.4] AndroidManifest.xml:9:5-20
MERGED from [androidx.constraintlayout:constraintlayout:2.1.4] AndroidManifest.xml:9:5-20
MERGED from [de.psdev.licensesdialog:licensesdialog:2.2.0] AndroidManifest.xml:24:5-20
MERGED from [de.psdev.licensesdialog:licensesdialog:2.2.0] AndroidManifest.xml:24:5-20
MERGED from [androidx.lifecycle:lifecycle-extensions:2.2.0] AndroidManifest.xml:24:5-25:19
MERGED from [androidx.lifecycle:lifecycle-extensions:2.2.0] AndroidManifest.xml:24:5-25:19
MERGED from [com.google.android.gms:play-services-maps:18.0.2] AndroidManifest.xml:36:5-42:19
MERGED from [com.google.android.gms:play-services-maps:18.0.2] AndroidManifest.xml:36:5-42:19
MERGED from [com.google.android.gms:play-services-location:20.0.0] AndroidManifest.xml:7:5-20
MERGED from [com.google.android.gms:play-services-location:20.0.0] AndroidManifest.xml:7:5-20
MERGED from [com.google.android.gms:play-services-wearable:17.1.0] AndroidManifest.xml:22:5-20
MERGED from [com.google.android.gms:play-services-wearable:17.1.0] AndroidManifest.xml:22:5-20
MERGED from [com.google.android.gms:play-services-base:18.0.1] AndroidManifest.xml:19:5-23:19
MERGED from [com.google.android.gms:play-services-base:18.0.1] AndroidManifest.xml:19:5-23:19
MERGED from [com.google.android.gms:play-services-tasks:18.0.1] AndroidManifest.xml:5:5-20
MERGED from [com.google.android.gms:play-services-tasks:18.0.1] AndroidManifest.xml:5:5-20
MERGED from [com.google.android.gms:play-services-basement:18.1.0] AndroidManifest.xml:20:5-24:19
MERGED from [com.google.android.gms:play-services-basement:18.1.0] AndroidManifest.xml:20:5-24:19
MERGED from [com.jjoe64:graphview:4.2.2] AndroidManifest.xml:11:5-12:19
MERGED from [com.jjoe64:graphview:4.2.2] AndroidManifest.xml:11:5-12:19
MERGED from [androidx.window:window:1.0.0] AndroidManifest.xml:24:5-31:19
MERGED from [androidx.window:window:1.0.0] AndroidManifest.xml:24:5-31:19
MERGED from [com.squareup.leakcanary:leakcanary-android:2.7] AndroidManifest.xml:22:5-26:19
MERGED from [com.squareup.leakcanary:leakcanary-android:2.7] AndroidManifest.xml:22:5-26:19
MERGED from [com.squareup.leakcanary:leakcanary-android-core:2.7] AndroidManifest.xml:28:5-74:19
MERGED from [com.squareup.leakcanary:leakcanary-android-core:2.7] AndroidManifest.xml:28:5-74:19
MERGED from [com.squareup.leakcanary:leakcanary-object-watcher-android:2.7] AndroidManifest.xml:7:5-13:19
MERGED from [com.squareup.leakcanary:leakcanary-object-watcher-android:2.7] AndroidManifest.xml:7:5-13:19
MERGED from [com.squareup.leakcanary:plumber-android:2.7] AndroidManifest.xml:7:5-13:19
MERGED from [com.squareup.leakcanary:plumber-android:2.7] AndroidManifest.xml:7:5-13:19
MERGED from [androidx.emoji2:emoji2:1.0.0] AndroidManifest.xml:25:5-35:19
MERGED from [androidx.emoji2:emoji2:1.0.0] AndroidManifest.xml:25:5-35:19
MERGED from [androidx.core:core:1.8.0] AndroidManifest.xml:24:5-89
MERGED from [androidx.core:core:1.8.0] AndroidManifest.xml:24:5-89
MERGED from [androidx.lifecycle:lifecycle-process:2.4.0] AndroidManifest.xml:25:5-35:19
MERGED from [androidx.lifecycle:lifecycle-process:2.4.0] AndroidManifest.xml:25:5-35:19
MERGED from [androidx.versionedparcelable:versionedparcelable:1.1.1] AndroidManifest.xml:24:5-25:19
MERGED from [androidx.versionedparcelable:versionedparcelable:1.1.1] AndroidManifest.xml:24:5-25:19
MERGED from [androidx.startup:startup-runtime:1.0.0] AndroidManifest.xml:25:5-31:19
MERGED from [androidx.startup:startup-runtime:1.0.0] AndroidManifest.xml:25:5-31:19
	android:appComponentFactory
		ADDED from [androidx.core:core:1.8.0] AndroidManifest.xml:24:18-86
	android:supportsRtl
		ADDED from src/main/AndroidManifest.xml:108:9-35
	android:label
		ADDED from src/main/AndroidManifest.xml:106:9-41
	android:fullBackupContent
		ADDED from src/main/AndroidManifest.xml:110:9-59
	tools:ignore
		ADDED from src/main/AndroidManifest.xml:111:9-35
	android:roundIcon
		ADDED from src/main/AndroidManifest.xml:107:9-62
	android:icon
		ADDED from src/main/AndroidManifest.xml:105:9-46
	android:theme
		ADDED from src/main/AndroidManifest.xml:109:9-40
	android:name
		ADDED from src/main/AndroidManifest.xml:104:9-37
activity#com.motionapps.sensorbox.intro.IntroActivity
ADDED from src/main/AndroidManifest.xml:112:9-115:59
	android:label
		ADDED from src/main/AndroidManifest.xml:114:13-46
	android:theme
		ADDED from src/main/AndroidManifest.xml:115:13-56
	android:name
		ADDED from src/main/AndroidManifest.xml:113:13-48
activity#com.motionapps.sensorbox.activities.MeasurementActivity
ADDED from src/main/AndroidManifest.xml:116:9-120:59
	android:label
		ADDED from src/main/AndroidManifest.xml:118:13-56
	android:launchMode
		ADDED from src/main/AndroidManifest.xml:119:13-44
	android:theme
		ADDED from src/main/AndroidManifest.xml:120:13-56
	android:name
		ADDED from src/main/AndroidManifest.xml:117:13-59
activity#com.motionapps.sensorbox.activities.MainActivity
ADDED from src/main/AndroidManifest.xml:121:9-131:20
	android:label
		ADDED from src/main/AndroidManifest.xml:123:13-45
	android:launchMode
		ADDED from src/main/AndroidManifest.xml:124:13-44
	android:exported
		ADDED from src/main/AndroidManifest.xml:126:13-36
	android:theme
		ADDED from src/main/AndroidManifest.xml:125:13-44
	android:name
		ADDED from src/main/AndroidManifest.xml:122:13-52
intent-filter#action:name:android.intent.action.MAIN+category:name:android.intent.category.LAUNCHER
ADDED from src/main/AndroidManifest.xml:127:13-130:29
action#android.intent.action.MAIN
ADDED from src/main/AndroidManifest.xml:128:17-69
	android:name
		ADDED from src/main/AndroidManifest.xml:128:25-66
category#android.intent.category.LAUNCHER
ADDED from src/main/AndroidManifest.xml:129:17-77
	android:name
		ADDED from src/main/AndroidManifest.xml:129:27-74
service#com.motionapps.sensorbox.MsgListener
ADDED from src/main/AndroidManifest.xml:133:9-142:19
	android:exported
		ADDED from src/main/AndroidManifest.xml:134:13-36
	android:name
		ADDED from src/main/AndroidManifest.xml:133:18-45
intent-filter#action:name:com.google.android.gms.wearable.MESSAGE_RECEIVED+data:host:*+data:pathPrefix:/com.motionapps.sensorbox.Activity+data:scheme:wear
ADDED from src/main/AndroidManifest.xml:135:13-141:29
action#com.google.android.gms.wearable.MESSAGE_RECEIVED
ADDED from src/main/AndroidManifest.xml:136:17-91
	android:name
		ADDED from src/main/AndroidManifest.xml:136:25-88
data
ADDED from src/main/AndroidManifest.xml:137:17-140:45
	android:host
		ADDED from src/main/AndroidManifest.xml:138:21-37
	android:scheme
		ADDED from src/main/AndroidManifest.xml:140:21-42
	android:pathPrefix
		ADDED from src/main/AndroidManifest.xml:139:21-76
property
ADDED from src/main/AndroidManifest.xml:148:9-150:58
	android:resource
		ADDED from src/main/AndroidManifest.xml:150:13-55
	android:name
		ADDED from src/main/AndroidManifest.xml:149:13-62
uses-sdk
INJECTED from src/main/AndroidManifest.xml reason: use-sdk injection requested
INJECTED from src/main/AndroidManifest.xml
INJECTED from src/main/AndroidManifest.xml
MERGED from [:SensorServices] AndroidManifest.xml:6:5-8:41
MERGED from [:SensorServices] AndroidManifest.xml:6:5-8:41
MERGED from [:CountDownDialog] AndroidManifest.xml:5:5-7:41
MERGED from [:CountDownDialog] AndroidManifest.xml:5:5-7:41
MERGED from [:wearoslib] AndroidManifest.xml:5:5-7:41
MERGED from [:wearoslib] AndroidManifest.xml:5:5-7:41
MERGED from [com.afollestad.material-dialogs:core:3.3.0] AndroidManifest.xml:7:5-9:41
MERGED from [com.afollestad.material-dialogs:core:3.3.0] AndroidManifest.xml:7:5-9:41
MERGED from [com.google.dagger:hilt-android:2.41] AndroidManifest.xml:18:3-42
MERGED from [com.google.dagger:hilt-android:2.41] AndroidManifest.xml:18:3-42
MERGED from [:flipper] AndroidManifest.xml:5:5-7:41
MERGED from [:flipper] AndroidManifest.xml:5:5-7:41
MERGED from [androidx.navigation:navigation-ui-ktx:2.5.0] AndroidManifest.xml:20:5-22:41
MERGED from [androidx.navigation:navigation-ui-ktx:2.5.0] AndroidManifest.xml:20:5-22:41
MERGED from [androidx.navigation:navigation-ui:2.5.0] AndroidManifest.xml:20:5-22:41
MERGED from [androidx.navigation:navigation-ui:2.5.0] AndroidManifest.xml:20:5-22:41
MERGED from [com.google.android.material:material:1.6.1] AndroidManifest.xml:20:5-22:41
MERGED from [com.google.android.material:material:1.6.1] AndroidManifest.xml:20:5-22:41
MERGED from [com.github.AppIntro:AppIntro:6.1.0] AndroidManifest.xml:7:5-9:41
MERGED from [com.github.AppIntro:AppIntro:6.1.0] AndroidManifest.xml:7:5-9:41
MERGED from [androidx.constraintlayout:constraintlayout:2.1.4] AndroidManifest.xml:5:5-7:41
MERGED from [androidx.constraintlayout:constraintlayout:2.1.4] AndroidManifest.xml:5:5-7:41
MERGED from [io.github.ShawnLin013:number-picker:2.4.13] AndroidManifest.xml:5:5-7:41
MERGED from [io.github.ShawnLin013:number-picker:2.4.13] AndroidManifest.xml:5:5-7:41
MERGED from [io.github.medyo:android-about-page:2.0.0] AndroidManifest.xml:7:5-9:41
MERGED from [io.github.medyo:android-about-page:2.0.0] AndroidManifest.xml:7:5-9:41
MERGED from [de.psdev.licensesdialog:licensesdialog:2.2.0] AndroidManifest.xml:20:5-22:41
MERGED from [de.psdev.licensesdialog:licensesdialog:2.2.0] AndroidManifest.xml:20:5-22:41
MERGED from [com.github.GrenderG:Toasty:1.5.2] AndroidManifest.xml:7:5-9:41
MERGED from [com.github.GrenderG:Toasty:1.5.2] AndroidManifest.xml:7:5-9:41
MERGED from [androidx.preference:preference-ktx:1.2.0] AndroidManifest.xml:20:5-22:41
MERGED from [androidx.preference:preference-ktx:1.2.0] AndroidManifest.xml:20:5-22:41
MERGED from [androidx.preference:preference:1.2.0] AndroidManifest.xml:20:5-22:41
MERGED from [androidx.preference:preference:1.2.0] AndroidManifest.xml:20:5-22:41
MERGED from [androidx.appcompat:appcompat:1.4.2] AndroidManifest.xml:20:5-22:41
MERGED from [androidx.appcompat:appcompat:1.4.2] AndroidManifest.xml:20:5-22:41
MERGED from [androidx.lifecycle:lifecycle-extensions:2.2.0] AndroidManifest.xml:20:5-22:41
MERGED from [androidx.lifecycle:lifecycle-extensions:2.2.0] AndroidManifest.xml:20:5-22:41
MERGED from [com.google.android.gms:play-services-maps:18.0.2] AndroidManifest.xml:20:5-44
MERGED from [com.google.android.gms:play-services-maps:18.0.2] AndroidManifest.xml:20:5-44
MERGED from [com.google.android.gms:play-services-location:20.0.0] AndroidManifest.xml:5:5-44
MERGED from [com.google.android.gms:play-services-location:20.0.0] AndroidManifest.xml:5:5-44
MERGED from [com.google.android.gms:play-services-wearable:17.1.0] AndroidManifest.xml:20:5-44